[RUN #0 5 100]
-272 925 551 -582 -884
-16 -801 -834 430 -285
-637 236 -260 29 860
-867 11 -833 675 707
606 953 971 -755 -847
-280 -604 364 476 663
741 -377 -398 815 414
-935 -98 -587 686 771
816 660 559 414 408
427 -610 851 56 -162
-699 310 -863 -934 801
530 -764 535 -351 -639
-10 810 838 -235 915
-791 -937 453 -749 22
869 -457 997 275 -296
-916 -752 665 410 -812
-987 -430 506 -206 -614
36 894 198 -341 -22
-242 -849 -462 622 314
724 -834 116 -733 -162
-873 -363 -605 -161 -258
409 -641 -222 -709 488
580 -169 805 426 614
841 756 547 -710 -545
-540 553 890 941 -892
-396 -438 359 932 -514
-413 -693 -689 -224 348
604 219 788 -75 -378
577 -531 -803 499 -847
-164 -815 -496 -60 60
-786 -668 227 -475 -886
155 -250 723 205 -369
912 -170 517 710 -717
-913 -474 -568 -851 -112
-383 737 942 -96 764
-927 695 -187 406 -533
299 610 20 933 -866
-308 362 601 17 174
53 -95 -652 -823 -984
373 948 -403 521 -215
903 839 724 -863 -567
-380 -460 417 989 699
891 -474 789 276 -63
-40 978 129 993 322
10 -648 -548 119 30
-275 -437 -961 -778 54
518 -987 -133 688 -440
618 440 138 -869 -928
584 -29 -586 713 -562
-965 610 205 769 -48
-451 338 -298 638 -239
-632 614 -856 -613 -771
297 -625 -636 -592 -752
-691 -473 41 97 929
-767 -184 -271 724 143
-869 -279 -650 830 532
-184 -995 969 -671 359
177 -29 -727 942 -531
-351 67 -492 -885 -423
164 324 577 -526 990
105 -863 -781 -18 313
-82 971 73 567 -982
-770 -675 -804 -906 -886
696 -220 -431 -160 152
-888 -213 885 594 534
-803 167 -314 -459 815
90 797 -71 -824 -945
-538 943 926 -979 -586
-839 -849 -524 -336 -968
287 166 -237 366 683
-968 972 675 99 993
-712 870 923 -416 621
507 -645 444 -777 -344
518 115 859 -776 -511
-996 409 -45 -592 965
547 817 46 -571 -605
565 151 -98 368 -838
558 -885 70 -909 -875
906 -986 -648 633 -415
409 586 -961 -173 534
808 960 -828 761 -999
190 -989 -609 -987 -880
-803 300 -64 -627 743
-850 661 -752 278 -412
476 614 882 197 475
-350 -720 305 -370 507
-531 866 -935 760 739
430 -931 -751 453 191
139 -7 -838 -434 746
-306 -32 697 -966 -945
-525 661 934 472 -671
-909 -700 -385 115 164
-817 -363 13 -278 -45
-183 -347 -940 611 735
-199 889 -172 514 221
192 714 715 -201 360
-267 219 -155 280 906
-988 -107 -902 -937 937
364 -275 -606 -1 -948
72 -229 93 -711 739
[RUN #1 3 100]
495 592 908
-152 -729 -457
278 -449 567
-231 724 -770
-688 -180 774
-569 -10 -232
952 -83 -759
-390 -702 -126
-902 916 380
633 987 261
-380 468 -888
-669 -67 -724
-182 699 867
-786 961 -872
-241 -484 -675
-68 265 -441
-136 -884 190
-641 699 -108
333 -995 -63
959 229 -408
615 -903 -571
126 -495 -769
408 873 859
599 296 -861
-785 840 -705
-614 -269 803
640 -936 913
784 -703 -136
-553 -988 229
62 165 340
-96 -80 -445
-91 169 475
426 -521 -972
99 -472 -956
938 388 -235
-504 884 -774
392 973 147
200 110 936
-281 797 371
[RUN #2 5 100]
660 -846 -166 553 -601
-789 864 972 -518 775
634 102 -490 -868 -438
-114 770 -516 -751 580
798 -309 567 -162 -272
329 -345 965 -98 733
132 406 367 -495 -432
-681 238 681 258 471
-462 -267 -417 -198 259
-523 -376 815 179 398
674 919 -607 314 -887
-657 353 -975 -867 269
-18 -288 842 -183 914
-852 -833 -809 -332 -700
864 -120 -842 395 684
-117 331 619 526 -482
124 -665 -275 -845 -631
-894 -954 -561 5 764
-941 -504 212 -308 482
412 -54 -314 855 710
611 -470 -408 -750 437
96 -750 -542 253 -619
-74 -476 513 -472 -826
-202 179 -518 6 23
-888 -783 428 -605 -205
-134 665 -102 -282 -655
56 -800 -549 692 906
-865 695 -785 710 -82
-555 -189 707 -278 -223
5 -376 -295 -250 -191
-472 -980 778 -922 -700
517 -24 535 386 960
103 13 -717 324 815
723 -170 -373 -704 -940
-87 882 -711 -804 966
273 -552 758 -960 -379
-28 -824 -841 -740 -420
232 863 886 273 358
261 895 -184 167 -674
56 -636 -80 -258 220
910 343 -402 -93 35
859 -902 771 114 813
-135 257 -676 900 893
834 -673 -158 909 -890
-632 36 -330 307 -295
-503 -286 9 -7 647
-917 -618 -804 769 638
-382 661 -122 -66 956
385 823 -20 733 833
898 873 232 -592 742
-638 -784 580 -479 -530
-679 89 552 270 -354
-999 207 -710 -641 694
990 707 105 778 193
375 805 76 -30 -56
-897 955 -461 -586 259
794 -905 -541 -950 895
-780 271 311 233 856
-958 860 -281 -211 383
702 974 860 743 459
315 -578 586 -605 848
-509 289 -773 -99 559
-856 -42 -694 -706 -118
257 87 773 -729 942
-776 591 982 -194 -184
-907 -835 -572 -534 877
-276 67 596 158 976
723 -668 -268 -388 779
-598 997 610 979 888
-404 -859 -511 198 533
-287 839 80 -488 149
811 -322 600 500 -620
486 -613 -381 989 131
-943 -815 726 928 -160
-756 524 871 28 -336
-524 -832 479 59 -131
178 -35 -974 -451 264
930 -486 308 -73 -389
-150 -87 -41 -843 368
679 -45 845 146 -880
-589 221 255 -553 -812
241 261 163 -390 812
756 243 -186 284 -53
-530 -39 -560 -850 -378
-767 308 571 -662 -917
-924 -387 -285 -915 693
-117 -309 -868 399 -854
802 -857 40 270 -202
907 809 912 578 -423
591 39 242 647 -588
32 17 -575 911 -921
327 259 388 -965 -392
846 -438 987 139 -400
767 62 -648 -166 -975
-31 62 555 -967 470
-170 767 -963 -392 695
-95 -670 533 -780 443
-233 821 960 -198 -219
561 519 -588 -586 -98
326 -847 -710 -701 -881
[RUN #3 5 100]
952 875 -751 240 -890
-601 -418 -435 -820 -177
-817 -433 -719 -435 48
-280 -872 804 645 -517
-619 -425 609 -641 837
954 572 906 -119 405
857 -753 748 426 400
-231 -39 254 104 52
-991 -649 -213 -730 29
623 -270 529 -293 205
404 -492 93 -796 361
92 172 491 -521 797
-528 480 -937 -28 -302
-855 -139 -940 -846 808
890 461 34 -134 -477
-136 -697 806 -406 709
957 -817 -867 515 -324
-403 -606 38 203 -526
107 350 461 -191 -283
630 540 -967 -721 570
-898 -477 -982 51 386
272 -537 -370 -356 571
327 -732 -82 630 561
413 787 661 486 631
327 767 -809 325 -960
339 214 -488 -894 -794
-70 892 -880 361 -932
-66 761 -715 -336 114
-873 927 875 -506 -205
683 802 -424 312 -141
204 -257 -571 -388 -628
502 901 224 376 -907
-225 94 -603 837 869
-885 -948 485 -711 3
-170 -959 696 -365 746
-98 956 -787 -39 578
-930 736 165 -541 659
-75 -76 896 644 471
118 -357 916 547 426
-59 -244 -407 39 -868
-522 -281 -183 -848 -2
396 448 -125 188 181
-572 -452 -277 -176 580
-531 714 694 191 408
18 770 -871 -7 -328
724 643 472 -501 44
177 -999 -946 -34 -363
-733 -862 -815 -576 645
-401 12 -133 -576 -679
575 565 -278 -374 260
657 538 -721 -183 395
251 -30 271 -859 -59
704 388 -516 -746 96
347 660 845 334 802
-803 488 -481 455 -638
995 -837 609 -107 14
331 -912 -360 462 514
408 778 -262 -147 105
218 359 -650 -749 -264
-235 -626 3 573 -916
63 595 166 878 -961
582 -219 -962 -636 -746
561 157 640 -795 838
586 -221 314 -427 762
344 -435 -566 -932 755
274 464 157 635 357
-949 659 -2 -268 482
-607 -568 866 907 -550
-403 995 -273 -518 -530
603 -677 -972 980 80
218 -309 570 -757 694
362 -387 -985 392 770
-410 836 -829 674 375
-820 -908 -447 -269 875
602 881 635 934 -766
764 455 -386 517 780
52 -184 -671 -451 -579
-280 -467 217 510 -950
-297 -998 -433 -107 -338
-233 743 -91 298 249
561 -221 49 115 377
-750 152 843 81 529
869 -79 -715 -176 547
832 -595 159 396 -39
-123 -83 312 328 -157
-415 -179 -82 143 -47
941 -667 25 -226 -731
-925 -639 -910 1 530
179 -155 701 138 -261
-406 566 677 -36 -801
-386 -786 -563 822 -146
-588 875 -846 380 -856
461 -649 -652 -306 30
963 783 416 649 -712
609 908 -603 49 20
-667 -885 760 -871 -175
550 -708 484 171 -424
19 -355 787 911 -627
990 771 -622 140 -520
698 504 -797 -602 -302
[RUN #4 3 100]
-169 -322 189
389 -442 -748
997 -656 -775
-412 -559 -248
399 -883 -230
-1000 -826 -106
727 207 203
-629 -858 667
-478 377 198
-774 -652 -980
-836 -892 -644
767 779 -505
-894 517 -51
-256 -712 -585
-801 282 -702
-732 843 -454
255 696 85
372 126 326
73 -253 -515
607 -592 -822
-765 522 492
-758 30 685
381 432 -934
206 -645 -142
-504 403 -710
333 273 -98
-865 -185 -272
-295 206 141
508 734 952
860 445 -431
745 -608 -132
456 72 693
639 -417 -419
-947 -595 -31
934 806 -610
-147 352 21
957 -803 443
631 509 654
833 691 839
790 -157 -800
-381 779 -973
-526 -912 927
[RUN #5 2 100]
-923 -633
118 -262
229 -51
-640 564
511 194
-330 -724
-492 -421
-476 -917
-47 477
-657 -483
620 -131
233 551
781 -544
-179 174
306 996
791 624
-362 838
978 -104
813 794
-479 536
22 -515
546 678
703 37
989 -404
[RUN #6 1 100]
-460
43
-113
885
-375
136
908
474
-374
835
625
277
807
[RUN #7 3 100]
309 -282 -374
402 -282 -668
-821 183 -259
620 -140 211
-514 -773 666
621 -727 -586
678 -618 539
-226 671 -848
417 -853 -913
984 -244 767
-323 -77 -4
345 167 -591
-517 -988 376
-229 799 105
-450 177 -540
91 -305 784
667 -448 -23
-960 695 755
77 321 -146
-281 390 250
-308 -216 443
-50 -606 -942
867 646 -349
-898 -823 -825
-932 -892 368
-307 166 246
487 787 -832
940 -521 -932
149 -626 -443
19 565 706
809 -218 -431
752 606 -420
978 692 103
539 -318 -335
-372 -207 125
[RUN #8 4 100]
-41 649 -980 990
818 -795 206 591
355 919 847 -836
727 892 174 -185
720 7 142 867
178 418 -913 456
815 625 536 -688
-295 -484 186 -968
-785 912 914 -951
785 901 56 -846
177 539 443 -818
-703 -242 -666 59
-380 -404 -511 -642
808 698 132 -807
-403 -271 -413 -996
-924 762 -663 -956
-796 -14 364 -100
-871 851 352 -579
-453 539 -452 301
803 -7 173 617
527 -263 -631 520
591 -202 665 -655
-948 975 -805 669
-925 -391 -461 -36
571 -535 -477 305
601 -616 507 -977
595 192 -410 -907
-398 109 509 -240
532 95 459 659
637 108 646 -584
-786 -345 826 -46
-2 571 -408 923
207 -671 -707 497
-367 -515 -903 721
774 167 -294 474
546 253 -695 -58
-312 -894 121 151
-528 -430 -3 666
773 739 740 -891
-542 374 134 -72
684 -635 942 152
39 -802 776 261
900 53 -868 -155
-513 -448 536 -855
191 -687 -58 -399
89 211 357 769
-626 604 845 854
-580 -5 998 607
-832 33 -978 -868
-54 495 749 282
465 911 270 497
293 -508 479 -798
965 3 682 362
215 127 -745 -144
608 487 355 258
928 -320 -592 -727
942 27 870 659
-584 -958 -134 -641
852 174 -696 505
563 -216 155 434
-624 -245 -516 -62
-490 307 597 -967
-905 -699 809 569
284 766 243 -252
-317 492 -202 -451
-74 -60 -381 448
804 51 -741 381
-882 -476 472 534
[RUN #9 6 100]
-688 -172 249 -676 345 521
989 -270 -954 -865 679 -142
-219 -585 236 -34 786 -302
-325 616 -131 -843 -509 -506
-511 814 692 -543 -727 474
-305 -947 783 -23 -788 843
564 -450 172 514 596 150
-657 822 64 -293 -333 -79
660 -718 -588 -971 -7 -897
914 969 -39 -489 179 415
